{"/home/joao/Desktop/Desktop /desafioDoido/desafio-lanchonete-2023/src/caixa-da-lanchonete.js": {"path":"/home/joao/Desktop/Desktop /desafioDoido/desafio-lanchonete-2023/src/caixa-da-lanchonete.js","all":false,"statementMap":{"0":{"start":{"line":1,"column":0},"end":{"line":1,"column":25}},"1":{"start":{"line":2,"column":0},"end":{"line":2,"column":53}},"2":{"start":{"line":3,"column":0},"end":{"line":3,"column":46}},"3":{"start":{"line":4,"column":0},"end":{"line":4,"column":26}},"4":{"start":{"line":5,"column":0},"end":{"line":5,"column":22}},"5":{"start":{"line":6,"column":0},"end":{"line":6,"column":26}},"6":{"start":{"line":7,"column":0},"end":{"line":7,"column":22}},"7":{"start":{"line":8,"column":0},"end":{"line":8,"column":27}},"8":{"start":{"line":9,"column":0},"end":{"line":9,"column":24}},"9":{"start":{"line":10,"column":0},"end":{"line":10,"column":26}},"10":{"start":{"line":11,"column":0},"end":{"line":11,"column":24}},"11":{"start":{"line":12,"column":0},"end":{"line":12,"column":23}},"12":{"start":{"line":13,"column":0},"end":{"line":13,"column":9}},"13":{"start":{"line":14,"column":0},"end":{"line":14,"column":0}},"14":{"start":{"line":15,"column":0},"end":{"line":15,"column":43}},"15":{"start":{"line":16,"column":0},"end":{"line":16,"column":77}},"16":{"start":{"line":17,"column":0},"end":{"line":17,"column":50}},"17":{"start":{"line":18,"column":0},"end":{"line":18,"column":9}},"18":{"start":{"line":19,"column":0},"end":{"line":19,"column":0}},"19":{"start":{"line":20,"column":0},"end":{"line":20,"column":38}},"20":{"start":{"line":21,"column":0},"end":{"line":21,"column":33}},"21":{"start":{"line":22,"column":0},"end":{"line":22,"column":57}},"22":{"start":{"line":23,"column":0},"end":{"line":23,"column":9}},"23":{"start":{"line":24,"column":0},"end":{"line":24,"column":0}},"24":{"start":{"line":25,"column":0},"end":{"line":25,"column":49}},"25":{"start":{"line":26,"column":0},"end":{"line":26,"column":22}},"26":{"start":{"line":27,"column":0},"end":{"line":27,"column":23}},"27":{"start":{"line":28,"column":0},"end":{"line":28,"column":32}},"28":{"start":{"line":29,"column":0},"end":{"line":29,"column":23}},"29":{"start":{"line":30,"column":0},"end":{"line":30,"column":32}},"30":{"start":{"line":31,"column":0},"end":{"line":31,"column":0}},"31":{"start":{"line":32,"column":0},"end":{"line":32,"column":52}},"32":{"start":{"line":33,"column":0},"end":{"line":33,"column":49}},"33":{"start":{"line":34,"column":0},"end":{"line":34,"column":53}},"34":{"start":{"line":35,"column":0},"end":{"line":35,"column":53}},"35":{"start":{"line":36,"column":0},"end":{"line":36,"column":0}},"36":{"start":{"line":37,"column":0},"end":{"line":37,"column":78}},"37":{"start":{"line":38,"column":0},"end":{"line":38,"column":31}},"38":{"start":{"line":39,"column":0},"end":{"line":39,"column":54}},"39":{"start":{"line":40,"column":0},"end":{"line":40,"column":51}},"40":{"start":{"line":41,"column":0},"end":{"line":41,"column":57}},"41":{"start":{"line":42,"column":0},"end":{"line":42,"column":9}},"42":{"start":{"line":43,"column":0},"end":{"line":43,"column":0}},"43":{"start":{"line":44,"column":0},"end":{"line":44,"column":79}},"44":{"start":{"line":45,"column":0},"end":{"line":45,"column":31}},"45":{"start":{"line":46,"column":0},"end":{"line":46,"column":54}},"46":{"start":{"line":47,"column":0},"end":{"line":47,"column":51}},"47":{"start":{"line":48,"column":0},"end":{"line":48,"column":57}},"48":{"start":{"line":49,"column":0},"end":{"line":49,"column":9}},"49":{"start":{"line":50,"column":0},"end":{"line":50,"column":0}},"50":{"start":{"line":51,"column":0},"end":{"line":51,"column":39}},"51":{"start":{"line":52,"column":0},"end":{"line":52,"column":120}},"52":{"start":{"line":53,"column":0},"end":{"line":53,"column":36}},"53":{"start":{"line":54,"column":0},"end":{"line":54,"column":9}},"54":{"start":{"line":55,"column":0},"end":{"line":55,"column":0}},"55":{"start":{"line":56,"column":0},"end":{"line":56,"column":45}},"56":{"start":{"line":57,"column":0},"end":{"line":57,"column":51}},"57":{"start":{"line":58,"column":0},"end":{"line":58,"column":81}},"58":{"start":{"line":59,"column":0},"end":{"line":59,"column":91}},"59":{"start":{"line":60,"column":0},"end":{"line":60,"column":42}},"60":{"start":{"line":61,"column":0},"end":{"line":61,"column":9}},"61":{"start":{"line":62,"column":0},"end":{"line":62,"column":0}},"62":{"start":{"line":63,"column":0},"end":{"line":63,"column":86}},"63":{"start":{"line":64,"column":0},"end":{"line":64,"column":107}},"64":{"start":{"line":65,"column":0},"end":{"line":65,"column":58}},"65":{"start":{"line":66,"column":0},"end":{"line":66,"column":68}},"66":{"start":{"line":67,"column":0},"end":{"line":67,"column":43}},"67":{"start":{"line":68,"column":0},"end":{"line":68,"column":38}},"68":{"start":{"line":69,"column":0},"end":{"line":69,"column":68}},"69":{"start":{"line":70,"column":0},"end":{"line":70,"column":9}},"70":{"start":{"line":71,"column":0},"end":{"line":71,"column":0}},"71":{"start":{"line":72,"column":0},"end":{"line":72,"column":65}},"72":{"start":{"line":73,"column":0},"end":{"line":73,"column":46}},"73":{"start":{"line":74,"column":0},"end":{"line":74,"column":27}},"74":{"start":{"line":75,"column":0},"end":{"line":75,"column":55}},"75":{"start":{"line":76,"column":0},"end":{"line":76,"column":9}},"76":{"start":{"line":77,"column":0},"end":{"line":77,"column":27}},"77":{"start":{"line":78,"column":0},"end":{"line":78,"column":55}},"78":{"start":{"line":79,"column":0},"end":{"line":79,"column":9}},"79":{"start":{"line":80,"column":0},"end":{"line":80,"column":0}},"80":{"start":{"line":81,"column":0},"end":{"line":81,"column":76}},"81":{"start":{"line":82,"column":0},"end":{"line":82,"column":47}},"82":{"start":{"line":83,"column":0},"end":{"line":83,"column":52}},"83":{"start":{"line":84,"column":0},"end":{"line":84,"column":53}},"84":{"start":{"line":85,"column":0},"end":{"line":85,"column":53}},"85":{"start":{"line":86,"column":0},"end":{"line":86,"column":9}},"86":{"start":{"line":87,"column":0},"end":{"line":87,"column":0}},"87":{"start":{"line":88,"column":0},"end":{"line":88,"column":58}},"88":{"start":{"line":89,"column":0},"end":{"line":89,"column":58}},"89":{"start":{"line":90,"column":0},"end":{"line":90,"column":5}},"90":{"start":{"line":91,"column":0},"end":{"line":91,"column":1}},"91":{"start":{"line":92,"column":0},"end":{"line":92,"column":0}},"92":{"start":{"line":93,"column":0},"end":{"line":93,"column":13}},"93":{"start":{"line":94,"column":0},"end":{"line":94,"column":55}},"94":{"start":{"line":95,"column":0},"end":{"line":95,"column":55}},"95":{"start":{"line":96,"column":0},"end":{"line":96,"column":55}},"96":{"start":{"line":97,"column":0},"end":{"line":97,"column":55}},"97":{"start":{"line":98,"column":0},"end":{"line":98,"column":55}},"98":{"start":{"line":99,"column":0},"end":{"line":99,"column":55}},"99":{"start":{"line":100,"column":0},"end":{"line":100,"column":55}},"100":{"start":{"line":101,"column":0},"end":{"line":101,"column":55}},"101":{"start":{"line":102,"column":0},"end":{"line":102,"column":55}},"102":{"start":{"line":103,"column":0},"end":{"line":103,"column":55}},"103":{"start":{"line":104,"column":0},"end":{"line":104,"column":3}},"104":{"start":{"line":105,"column":0},"end":{"line":105,"column":0}},"105":{"start":{"line":106,"column":0},"end":{"line":106,"column":0}},"106":{"start":{"line":107,"column":0},"end":{"line":107,"column":37}},"107":{"start":{"line":108,"column":0},"end":{"line":108,"column":0}},"108":{"start":{"line":109,"column":0},"end":{"line":109,"column":76}},"109":{"start":{"line":110,"column":0},"end":{"line":110,"column":37}},"110":{"start":{"line":111,"column":0},"end":{"line":111,"column":26}},"111":{"start":{"line":112,"column":0},"end":{"line":112,"column":0}},"112":{"start":{"line":113,"column":0},"end":{"line":113,"column":0}},"113":{"start":{"line":114,"column":0},"end":{"line":114,"column":100}},"114":{"start":{"line":115,"column":0},"end":{"line":115,"column":59}},"115":{"start":{"line":116,"column":0},"end":{"line":116,"column":34}},"116":{"start":{"line":117,"column":0},"end":{"line":117,"column":0}},"117":{"start":{"line":118,"column":0},"end":{"line":118,"column":93}},"118":{"start":{"line":119,"column":0},"end":{"line":119,"column":59}},"119":{"start":{"line":120,"column":0},"end":{"line":120,"column":34}},"120":{"start":{"line":121,"column":0},"end":{"line":121,"column":0}},"121":{"start":{"line":122,"column":0},"end":{"line":122,"column":103}},"122":{"start":{"line":123,"column":0},"end":{"line":123,"column":63}},"123":{"start":{"line":124,"column":0},"end":{"line":124,"column":28}},"124":{"start":{"line":125,"column":0},"end":{"line":125,"column":0}},"125":{"start":{"line":126,"column":0},"end":{"line":126,"column":105}},"126":{"start":{"line":127,"column":0},"end":{"line":127,"column":51}},"127":{"start":{"line":128,"column":0},"end":{"line":128,"column":28}},"128":{"start":{"line":129,"column":0},"end":{"line":129,"column":0}},"129":{"start":{"line":130,"column":0},"end":{"line":130,"column":100}},"130":{"start":{"line":131,"column":0},"end":{"line":131,"column":61}},"131":{"start":{"line":132,"column":0},"end":{"line":132,"column":38}},"132":{"start":{"line":133,"column":0},"end":{"line":133,"column":0}},"133":{"start":{"line":134,"column":0},"end":{"line":134,"column":0}},"134":{"start":{"line":135,"column":0},"end":{"line":135,"column":29}}},"s":{"0":1,"1":1,"2":25,"3":25,"4":25,"5":25,"6":25,"7":25,"8":25,"9":25,"10":25,"11":25,"12":25,"13":25,"14":25,"15":25,"16":1,"17":1,"18":24,"19":24,"20":25,"21":3,"22":3,"23":21,"24":21,"25":21,"26":21,"27":21,"28":21,"29":21,"30":21,"31":21,"32":21,"33":21,"34":21,"35":21,"36":21,"37":25,"38":11,"39":11,"40":11,"41":11,"42":21,"43":21,"44":25,"45":5,"46":5,"47":5,"48":5,"49":21,"50":21,"51":25,"52":2,"53":2,"54":19,"55":19,"56":25,"57":25,"58":25,"59":1,"60":1,"61":18,"62":18,"63":25,"64":25,"65":1,"66":25,"67":17,"68":4,"69":4,"70":13,"71":13,"72":13,"73":25,"74":9,"75":9,"76":25,"77":5,"78":5,"79":13,"80":13,"81":25,"82":4,"83":25,"84":4,"85":4,"86":13,"87":13,"88":13,"89":13,"90":1,"91":1,"92":1,"93":1,"94":1,"95":1,"96":1,"97":1,"98":1,"99":1,"100":1,"101":1,"102":1,"103":1,"104":1,"105":1,"106":1,"107":1,"108":1,"109":1,"110":1,"111":1,"112":1,"113":1,"114":1,"115":1,"116":1,"117":1,"118":1,"119":1,"120":1,"121":1,"122":1,"123":1,"124":1,"125":1,"126":1,"127":1,"128":1,"129":1,"130":1,"131":1,"132":1,"133":1,"134":1},"branchMap":{"0":{"type":"branch","line":2,"loc":{"start":{"line":2,"column":4},"end":{"line":90,"column":5}},"locations":[{"start":{"line":2,"column":4},"end":{"line":90,"column":5}}]},"1":{"type":"branch","line":16,"loc":{"start":{"line":16,"column":76},"end":{"line":18,"column":9}},"locations":[{"start":{"line":16,"column":76},"end":{"line":18,"column":9}}]},"2":{"type":"branch","line":18,"loc":{"start":{"line":18,"column":8},"end":{"line":21,"column":32}},"locations":[{"start":{"line":18,"column":8},"end":{"line":21,"column":32}}]},"3":{"type":"branch","line":21,"loc":{"start":{"line":21,"column":32},"end":{"line":23,"column":9}},"locations":[{"start":{"line":21,"column":32},"end":{"line":23,"column":9}}]},"4":{"type":"branch","line":23,"loc":{"start":{"line":23,"column":8},"end":{"line":38,"column":30}},"locations":[{"start":{"line":23,"column":8},"end":{"line":38,"column":30}}]},"5":{"type":"branch","line":38,"loc":{"start":{"line":38,"column":30},"end":{"line":42,"column":9}},"locations":[{"start":{"line":38,"column":30},"end":{"line":42,"column":9}}]},"6":{"type":"branch","line":42,"loc":{"start":{"line":42,"column":8},"end":{"line":45,"column":30}},"locations":[{"start":{"line":42,"column":8},"end":{"line":45,"column":30}}]},"7":{"type":"branch","line":45,"loc":{"start":{"line":45,"column":30},"end":{"line":49,"column":9}},"locations":[{"start":{"line":45,"column":30},"end":{"line":49,"column":9}}]},"8":{"type":"branch","line":49,"loc":{"start":{"line":49,"column":8},"end":{"line":52,"column":38}},"locations":[{"start":{"line":49,"column":8},"end":{"line":52,"column":38}}]},"9":{"type":"branch","line":52,"loc":{"start":{"line":52,"column":33},"end":{"line":52,"column":75}},"locations":[{"start":{"line":52,"column":33},"end":{"line":52,"column":75}}]},"10":{"type":"branch","line":52,"loc":{"start":{"line":52,"column":50},"end":{"line":52,"column":75}},"locations":[{"start":{"line":52,"column":50},"end":{"line":52,"column":75}}]},"11":{"type":"branch","line":52,"loc":{"start":{"line":52,"column":75},"end":{"line":52,"column":117}},"locations":[{"start":{"line":52,"column":75},"end":{"line":52,"column":117}}]},"12":{"type":"branch","line":52,"loc":{"start":{"line":52,"column":92},"end":{"line":52,"column":117}},"locations":[{"start":{"line":52,"column":92},"end":{"line":52,"column":117}}]},"13":{"type":"branch","line":52,"loc":{"start":{"line":52,"column":119},"end":{"line":54,"column":9}},"locations":[{"start":{"line":52,"column":119},"end":{"line":54,"column":9}}]},"14":{"type":"branch","line":54,"loc":{"start":{"line":54,"column":8},"end":{"line":57,"column":31}},"locations":[{"start":{"line":54,"column":8},"end":{"line":57,"column":31}}]},"15":{"type":"branch","line":57,"loc":{"start":{"line":57,"column":27},"end":{"line":57,"column":48}},"locations":[{"start":{"line":57,"column":27},"end":{"line":57,"column":48}}]},"16":{"type":"branch","line":57,"loc":{"start":{"line":57,"column":48},"end":{"line":58,"column":31}},"locations":[{"start":{"line":57,"column":48},"end":{"line":58,"column":31}}]},"17":{"type":"branch","line":58,"loc":{"start":{"line":58,"column":31},"end":{"line":58,"column":57}},"locations":[{"start":{"line":58,"column":31},"end":{"line":58,"column":57}}]},"18":{"type":"branch","line":58,"loc":{"start":{"line":58,"column":57},"end":{"line":59,"column":31}},"locations":[{"start":{"line":58,"column":57},"end":{"line":59,"column":31}}]},"19":{"type":"branch","line":59,"loc":{"start":{"line":59,"column":31},"end":{"line":59,"column":57}},"locations":[{"start":{"line":59,"column":31},"end":{"line":59,"column":57}}]},"20":{"type":"branch","line":59,"loc":{"start":{"line":59,"column":59},"end":{"line":61,"column":9}},"locations":[{"start":{"line":59,"column":59},"end":{"line":61,"column":9}}]},"21":{"type":"branch","line":61,"loc":{"start":{"line":61,"column":8},"end":{"line":64,"column":35}},"locations":[{"start":{"line":61,"column":8},"end":{"line":64,"column":35}}]},"22":{"type":"branch","line":64,"loc":{"start":{"line":64,"column":31},"end":{"line":64,"column":57}},"locations":[{"start":{"line":64,"column":31},"end":{"line":64,"column":57}}]},"23":{"type":"branch","line":64,"loc":{"start":{"line":64,"column":57},"end":{"line":64,"column":80}},"locations":[{"start":{"line":64,"column":57},"end":{"line":64,"column":80}}]},"24":{"type":"branch","line":64,"loc":{"start":{"line":64,"column":80},"end":{"line":64,"column":103}},"locations":[{"start":{"line":64,"column":80},"end":{"line":64,"column":103}}]},"25":{"type":"branch","line":64,"loc":{"start":{"line":64,"column":103},"end":{"line":65,"column":55}},"locations":[{"start":{"line":64,"column":103},"end":{"line":65,"column":55}}]},"26":{"type":"branch","line":65,"loc":{"start":{"line":65,"column":33},"end":{"line":65,"column":55}},"locations":[{"start":{"line":65,"column":33},"end":{"line":65,"column":55}}]},"27":{"type":"branch","line":65,"loc":{"start":{"line":65,"column":57},"end":{"line":67,"column":9}},"locations":[{"start":{"line":65,"column":57},"end":{"line":67,"column":9}}]},"28":{"type":"branch","line":67,"loc":{"start":{"line":67,"column":9},"end":{"line":70,"column":9}},"locations":[{"start":{"line":67,"column":9},"end":{"line":70,"column":9}}]},"29":{"type":"branch","line":67,"loc":{"start":{"line":67,"column":39},"end":{"line":68,"column":35}},"locations":[{"start":{"line":67,"column":39},"end":{"line":68,"column":35}}]},"30":{"type":"branch","line":68,"loc":{"start":{"line":68,"column":37},"end":{"line":70,"column":9}},"locations":[{"start":{"line":68,"column":37},"end":{"line":70,"column":9}}]},"31":{"type":"branch","line":70,"loc":{"start":{"line":70,"column":8},"end":{"line":74,"column":26}},"locations":[{"start":{"line":70,"column":8},"end":{"line":74,"column":26}}]},"32":{"type":"branch","line":74,"loc":{"start":{"line":74,"column":26},"end":{"line":76,"column":9}},"locations":[{"start":{"line":74,"column":26},"end":{"line":76,"column":9}}]},"33":{"type":"branch","line":76,"loc":{"start":{"line":76,"column":8},"end":{"line":77,"column":26}},"locations":[{"start":{"line":76,"column":8},"end":{"line":77,"column":26}}]},"34":{"type":"branch","line":77,"loc":{"start":{"line":77,"column":26},"end":{"line":79,"column":9}},"locations":[{"start":{"line":77,"column":26},"end":{"line":79,"column":9}}]},"35":{"type":"branch","line":79,"loc":{"start":{"line":79,"column":8},"end":{"line":82,"column":46}},"locations":[{"start":{"line":79,"column":8},"end":{"line":82,"column":46}}]},"36":{"type":"branch","line":82,"loc":{"start":{"line":82,"column":46},"end":{"line":84,"column":9}},"locations":[{"start":{"line":82,"column":46},"end":{"line":84,"column":9}}]},"37":{"type":"branch","line":84,"loc":{"start":{"line":84,"column":9},"end":{"line":86,"column":9}},"locations":[{"start":{"line":84,"column":9},"end":{"line":86,"column":9}}]},"38":{"type":"branch","line":84,"loc":{"start":{"line":84,"column":52},"end":{"line":86,"column":9}},"locations":[{"start":{"line":84,"column":52},"end":{"line":86,"column":9}}]},"39":{"type":"branch","line":86,"loc":{"start":{"line":86,"column":8},"end":{"line":90,"column":5}},"locations":[{"start":{"line":86,"column":8},"end":{"line":90,"column":5}}]}},"b":{"0":[25],"1":[1],"2":[24],"3":[3],"4":[21],"5":[11],"6":[21],"7":[5],"8":[21],"9":[19],"10":[11],"11":[19],"12":[5],"13":[2],"14":[19],"15":[18],"16":[18],"17":[18],"18":[18],"19":[18],"20":[1],"21":[18],"22":[2],"23":[1],"24":[1],"25":[17],"26":[1],"27":[1],"28":[17],"29":[16],"30":[4],"31":[13],"32":[9],"33":[13],"34":[5],"35":[13],"36":[4],"37":[9],"38":[4],"39":[13]},"fnMap":{"0":{"name":"calcularValorDaCompra","decl":{"start":{"line":2,"column":4},"end":{"line":90,"column":5}},"loc":{"start":{"line":2,"column":4},"end":{"line":90,"column":5}},"line":2}},"f":{"0":25}}
}
