TN:
SF:src/caixa-da-lanchonete.js
FN:2,calcularValorDaCompra
FNF:1
FNH:1
FNDA:25,calcularValorDaCompra
DA:1,1
DA:2,1
DA:3,25
DA:4,25
DA:5,25
DA:6,25
DA:7,25
DA:8,25
DA:9,25
DA:10,25
DA:11,25
DA:12,25
DA:13,25
DA:14,25
DA:15,25
DA:16,25
DA:17,1
DA:18,1
DA:19,24
DA:20,24
DA:21,25
DA:22,3
DA:23,3
DA:24,21
DA:25,21
DA:26,21
DA:27,21
DA:28,21
DA:29,21
DA:30,21
DA:31,21
DA:32,21
DA:33,21
DA:34,21
DA:35,21
DA:36,21
DA:37,21
DA:38,25
DA:39,11
DA:40,11
DA:41,11
DA:42,11
DA:43,21
DA:44,21
DA:45,25
DA:46,5
DA:47,5
DA:48,5
DA:49,5
DA:50,21
DA:51,21
DA:52,25
DA:53,2
DA:54,2
DA:55,19
DA:56,19
DA:57,25
DA:58,25
DA:59,25
DA:60,1
DA:61,1
DA:62,18
DA:63,18
DA:64,25
DA:65,25
DA:66,1
DA:67,25
DA:68,17
DA:69,4
DA:70,4
DA:71,13
DA:72,13
DA:73,13
DA:74,25
DA:75,9
DA:76,9
DA:77,25
DA:78,5
DA:79,5
DA:80,13
DA:81,13
DA:82,25
DA:83,4
DA:84,25
DA:85,4
DA:86,4
DA:87,13
DA:88,13
DA:89,13
DA:90,13
DA:91,1
DA:92,1
DA:93,1
DA:94,1
DA:95,1
DA:96,1
DA:97,1
DA:98,1
DA:99,1
DA:100,1
DA:101,1
DA:102,1
DA:103,1
DA:104,1
DA:105,1
DA:106,1
DA:107,1
DA:108,1
DA:109,1
DA:110,1
DA:111,1
DA:112,1
DA:113,1
DA:114,1
DA:115,1
DA:116,1
DA:117,1
DA:118,1
DA:119,1
DA:120,1
DA:121,1
DA:122,1
DA:123,1
DA:124,1
DA:125,1
DA:126,1
DA:127,1
DA:128,1
DA:129,1
DA:130,1
DA:131,1
DA:132,1
DA:133,1
DA:134,1
DA:135,1
LF:135
LH:135
BRDA:2,0,0,25
BRDA:16,1,0,1
BRDA:18,2,0,24
BRDA:21,3,0,3
BRDA:23,4,0,21
BRDA:38,5,0,11
BRDA:42,6,0,21
BRDA:45,7,0,5
BRDA:49,8,0,21
BRDA:52,9,0,19
BRDA:52,10,0,11
BRDA:52,11,0,19
BRDA:52,12,0,5
BRDA:52,13,0,2
BRDA:54,14,0,19
BRDA:57,15,0,18
BRDA:57,16,0,18
BRDA:58,17,0,18
BRDA:58,18,0,18
BRDA:59,19,0,18
BRDA:59,20,0,1
BRDA:61,21,0,18
BRDA:64,22,0,2
BRDA:64,23,0,1
BRDA:64,24,0,1
BRDA:64,25,0,17
BRDA:65,26,0,1
BRDA:65,27,0,1
BRDA:67,28,0,17
BRDA:67,29,0,16
BRDA:68,30,0,4
BRDA:70,31,0,13
BRDA:74,32,0,9
BRDA:76,33,0,13
BRDA:77,34,0,5
BRDA:79,35,0,13
BRDA:82,36,0,4
BRDA:84,37,0,9
BRDA:84,38,0,4
BRDA:86,39,0,13
BRF:40
BRH:40
end_of_record
